<?xml version="1.0" encoding="UTF-8"?>
<testsuite xmlns:xsi="http://www.w3.org/2001/XMLSchema-instance" xsi:noNamespaceSchemaLocation="https://maven.apache.org/surefire/maven-surefire-plugin/xsd/surefire-test-report-3.0.xsd" version="3.0" name="src.PersonTest" time="0.418" tests="14" errors="0" skipped="0" failures="0">
  <properties>
[...]
</properties>
  <testcase name="does_not_have_letters(String)[1]" classname="src.PersonTest" time="0.108"/>
  <testcase name="does_not_have_letters(String)[2]" classname="src.PersonTest" time="0.002"/>
  <testcase name="check_user_valid(String)[1]" classname="src.PersonTest" time="0.003"/>
  <testcase name="check_user_valid(String)[2]" classname="src.PersonTest" time="0.002"/>
  <testcase name="does_not_have_eight_chars(String)[1]" classname="src.PersonTest" time="0.001"/>
  <testcase name="does_not_have_eight_chars(String)[2]" classname="src.PersonTest" time="0.001"/>
  <testcase name="does_not_have_numbers(String)[1]" classname="src.PersonTest" time="0.002"/>
  <testcase name="does_not_have_numbers(String)[2]" classname="src.PersonTest" time="0.001"/>
  <testcase name="check_user_not_valid(String)[1]" classname="src.PersonTest" time="0.001"/>
  <testcase name="check_user_not_valid(String)[2]" classname="src.PersonTest" time="0.001"/>
  <testcase name="check_password_valid(String)[1]" classname="src.PersonTest" time="0.001"/>
  <testcase name="check_password_valid(String)[2]" classname="src.PersonTest" time="0.002"/>
  <testcase name="check_password_valid(String)[3]" classname="src.PersonTest" time="0.001"/>
  <testcase name="check_password_valid(String)[4]" classname="src.PersonTest" time="0.004"/>
</testsuite>